-------------------------------------------------------------------------------
Test set: cz.muni.fi.pv168.app.MissionManagerImplTest
-------------------------------------------------------------------------------
Tests run: 29, Failures: 24, Errors: 5, Skipped: 0, Time elapsed: 0.038 sec <<< FAILURE! - in cz.muni.fi.pv168.app.MissionManagerImplTest
deleteMissionWithNonExistingId(cz.muni.fi.pv168.app.MissionManagerImplTest)  Time elapsed: 0.002 sec  <<< FAILURE!
java.lang.AssertionError: Expecting code to raise a throwable.
	at cz.muni.fi.pv168.app.MissionManagerImplTest.deleteMissionWithNonExistingId(MissionManagerImplTest.java:232)

createMissionWithZeroRequiredRank(cz.muni.fi.pv168.app.MissionManagerImplTest)  Time elapsed: 0 sec  <<< FAILURE!
java.lang.AssertionError: Expecting code to raise a throwable.
	at cz.muni.fi.pv168.app.MissionManagerImplTest.createMissionWithZeroRequiredRank(MissionManagerImplTest.java:90)

deleteNullMission(cz.muni.fi.pv168.app.MissionManagerImplTest)  Time elapsed: 0.001 sec  <<< FAILURE!
java.lang.AssertionError: Expected exception: java.lang.IllegalArgumentException
	at org.junit.internal.runners.statements.ExpectException.evaluate(ExpectException.java:32)
	at org.junit.runners.ParentRunner.runLeaf(ParentRunner.java:325)
	at org.junit.runners.BlockJUnit4ClassRunner.runChild(BlockJUnit4ClassRunner.java:78)
	at org.junit.runners.BlockJUnit4ClassRunner.runChild(BlockJUnit4ClassRunner.java:57)
	at org.junit.runners.ParentRunner$3.run(ParentRunner.java:290)
	at org.junit.runners.ParentRunner$1.schedule(ParentRunner.java:71)
	at org.junit.runners.ParentRunner.runChildren(ParentRunner.java:288)
	at org.junit.runners.ParentRunner.access$000(ParentRunner.java:58)
	at org.junit.runners.ParentRunner$2.evaluate(ParentRunner.java:268)
	at org.junit.runners.ParentRunner.run(ParentRunner.java:363)
	at org.apache.maven.surefire.junit4.JUnit4Provider.execute(JUnit4Provider.java:264)
	at org.apache.maven.surefire.junit4.JUnit4Provider.executeTestSet(JUnit4Provider.java:153)
	at org.apache.maven.surefire.junit4.JUnit4Provider.invoke(JUnit4Provider.java:124)
	at org.apache.maven.surefire.booter.ForkedBooter.invokeProviderInSameClassLoader(ForkedBooter.java:200)
	at org.apache.maven.surefire.booter.ForkedBooter.runSuitesInProcess(ForkedBooter.java:153)
	at org.apache.maven.surefire.booter.ForkedBooter.main(ForkedBooter.java:103)

updateMissionRequiredRank(cz.muni.fi.pv168.app.MissionManagerImplTest)  Time elapsed: 0.001 sec  <<< ERROR!
java.lang.NullPointerException: null
	at cz.muni.fi.pv168.app.MissionManagerImplTest.updateMission(MissionManagerImplTest.java:109)
	at cz.muni.fi.pv168.app.MissionManagerImplTest.updateMissionRequiredRank(MissionManagerImplTest.java:125)

createMissionWithNegativeRequiredRank(cz.muni.fi.pv168.app.MissionManagerImplTest)  Time elapsed: 0.001 sec  <<< FAILURE!
java.lang.AssertionError: Expecting code to raise a throwable.
	at cz.muni.fi.pv168.app.MissionManagerImplTest.createMissionWithNegativeRequiredRank(MissionManagerImplTest.java:96)

createMission(cz.muni.fi.pv168.app.MissionManagerImplTest)  Time elapsed: 0 sec  <<< ERROR!
java.lang.NullPointerException: null
	at cz.muni.fi.pv168.app.MissionManagerImplTest.createMission(MissionManagerImplTest.java:45)

updateMissionWithNegativeRequiredRank(cz.muni.fi.pv168.app.MissionManagerImplTest)  Time elapsed: 0 sec  <<< FAILURE!
java.lang.AssertionError: Expecting code to raise a throwable.
	at cz.muni.fi.pv168.app.MissionManagerImplTest.updateMissionWithNegativeRequiredRank(MissionManagerImplTest.java:200)

createNullMission(cz.muni.fi.pv168.app.MissionManagerImplTest)  Time elapsed: 0 sec  <<< FAILURE!
java.lang.AssertionError: Expected exception: java.lang.IllegalArgumentException
	at org.junit.internal.runners.statements.ExpectException.evaluate(ExpectException.java:32)
	at org.junit.runners.ParentRunner.runLeaf(ParentRunner.java:325)
	at org.junit.runners.BlockJUnit4ClassRunner.runChild(BlockJUnit4ClassRunner.java:78)
	at org.junit.runners.BlockJUnit4ClassRunner.runChild(BlockJUnit4ClassRunner.java:57)
	at org.junit.runners.ParentRunner$3.run(ParentRunner.java:290)
	at org.junit.runners.ParentRunner$1.schedule(ParentRunner.java:71)
	at org.junit.runners.ParentRunner.runChildren(ParentRunner.java:288)
	at org.junit.runners.ParentRunner.access$000(ParentRunner.java:58)
	at org.junit.runners.ParentRunner$2.evaluate(ParentRunner.java:268)
	at org.junit.runners.ParentRunner.run(ParentRunner.java:363)
	at org.apache.maven.surefire.junit4.JUnit4Provider.execute(JUnit4Provider.java:264)
	at org.apache.maven.surefire.junit4.JUnit4Provider.executeTestSet(JUnit4Provider.java:153)
	at org.apache.maven.surefire.junit4.JUnit4Provider.invoke(JUnit4Provider.java:124)
	at org.apache.maven.surefire.booter.ForkedBooter.invokeProviderInSameClassLoader(ForkedBooter.java:200)
	at org.apache.maven.surefire.booter.ForkedBooter.runSuitesInProcess(ForkedBooter.java:153)
	at org.apache.maven.surefire.booter.ForkedBooter.main(ForkedBooter.java:103)

updateMissionWithNullId(cz.muni.fi.pv168.app.MissionManagerImplTest)  Time elapsed: 0.002 sec  <<< FAILURE!
java.lang.AssertionError: Expecting code to raise a throwable.
	at cz.muni.fi.pv168.app.MissionManagerImplTest.updateMissionWithNullId(MissionManagerImplTest.java:136)

updateMissionWithNonExistingId(cz.muni.fi.pv168.app.MissionManagerImplTest)  Time elapsed: 0.001 sec  <<< FAILURE!
java.lang.AssertionError: Expecting code to raise a throwable.
	at cz.muni.fi.pv168.app.MissionManagerImplTest.updateMissionWithNonExistingId(MissionManagerImplTest.java:142)

updateMissionWithExistingName(cz.muni.fi.pv168.app.MissionManagerImplTest)  Time elapsed: 0.001 sec  <<< FAILURE!
java.lang.AssertionError: Expecting code to raise a throwable.
	at cz.muni.fi.pv168.app.MissionManagerImplTest.updateMissionWithExistingName(MissionManagerImplTest.java:168)

updateMissionName(cz.muni.fi.pv168.app.MissionManagerImplTest)  Time elapsed: 0.001 sec  <<< ERROR!
java.lang.NullPointerException: null
	at cz.muni.fi.pv168.app.MissionManagerImplTest.updateMission(MissionManagerImplTest.java:109)
	at cz.muni.fi.pv168.app.MissionManagerImplTest.updateMissionName(MissionManagerImplTest.java:115)

findAllMissions(cz.muni.fi.pv168.app.MissionManagerImplTest)  Time elapsed: 0.001 sec  <<< FAILURE!
java.lang.AssertionError: 
Expecting actual not to be null
	at cz.muni.fi.pv168.app.MissionManagerImplTest.findAllMissions(MissionManagerImplTest.java:258)

findAvailableMissions(cz.muni.fi.pv168.app.MissionManagerImplTest)  Time elapsed: 0 sec  <<< FAILURE!
java.lang.AssertionError: 
Expecting actual not to be null
	at cz.muni.fi.pv168.app.MissionManagerImplTest.findAvailableMissions(MissionManagerImplTest.java:244)

updateMissionWithPreviousStatus(cz.muni.fi.pv168.app.MissionManagerImplTest)  Time elapsed: 0.001 sec  <<< FAILURE!
java.lang.AssertionError: Expecting code to raise a throwable.
	at cz.muni.fi.pv168.app.MissionManagerImplTest.updateMissionWithPreviousStatus(MissionManagerImplTest.java:176)

createMissionWithNullName(cz.muni.fi.pv168.app.MissionManagerImplTest)  Time elapsed: 0.001 sec  <<< FAILURE!
java.lang.AssertionError: Expecting code to raise a throwable.
	at cz.muni.fi.pv168.app.MissionManagerImplTest.createMissionWithNullName(MissionManagerImplTest.java:64)

deleteMissionWithNullId(cz.muni.fi.pv168.app.MissionManagerImplTest)  Time elapsed: 0.001 sec  <<< FAILURE!
java.lang.AssertionError: Expecting code to raise a throwable.
	at cz.muni.fi.pv168.app.MissionManagerImplTest.deleteMissionWithNullId(MissionManagerImplTest.java:226)

createMissionWithEmptyName(cz.muni.fi.pv168.app.MissionManagerImplTest)  Time elapsed: 0.001 sec  <<< FAILURE!
java.lang.AssertionError: Expecting code to raise a throwable.
	at cz.muni.fi.pv168.app.MissionManagerImplTest.createMissionWithEmptyName(MissionManagerImplTest.java:70)

deleteNonexistentMission(cz.muni.fi.pv168.app.MissionManagerImplTest)  Time elapsed: 0.001 sec  <<< FAILURE!
java.lang.AssertionError: Expecting code to raise a throwable.
	at cz.muni.fi.pv168.app.MissionManagerImplTest.deleteNonexistentMission(MissionManagerImplTest.java:238)

deleteMission(cz.muni.fi.pv168.app.MissionManagerImplTest)  Time elapsed: 0 sec  <<< ERROR!
java.lang.NullPointerException: null
	at cz.muni.fi.pv168.app.MissionManagerImplTest.deleteMission(MissionManagerImplTest.java:211)

updateMissionWithNullName(cz.muni.fi.pv168.app.MissionManagerImplTest)  Time elapsed: 0.001 sec  <<< FAILURE!
java.lang.AssertionError: Expecting code to raise a throwable.
	at cz.muni.fi.pv168.app.MissionManagerImplTest.updateMissionWithNullName(MissionManagerImplTest.java:150)

createMissionWithTooBigRequiredRank(cz.muni.fi.pv168.app.MissionManagerImplTest)  Time elapsed: 0 sec  <<< FAILURE!
java.lang.AssertionError: Expecting code to raise a throwable.
	at cz.muni.fi.pv168.app.MissionManagerImplTest.createMissionWithTooBigRequiredRank(MissionManagerImplTest.java:84)

createMissionWithExistingName(cz.muni.fi.pv168.app.MissionManagerImplTest)  Time elapsed: 0.001 sec  <<< FAILURE!
java.lang.AssertionError: Expecting code to raise a throwable.
	at cz.muni.fi.pv168.app.MissionManagerImplTest.createMissionWithExistingName(MissionManagerImplTest.java:78)

updateMissionWithEmptyName(cz.muni.fi.pv168.app.MissionManagerImplTest)  Time elapsed: 0.01 sec  <<< FAILURE!
java.lang.AssertionError: Expecting code to raise a throwable.
	at cz.muni.fi.pv168.app.MissionManagerImplTest.updateMissionWithEmptyName(MissionManagerImplTest.java:158)

updateMissionWithZeroRequiredRank(cz.muni.fi.pv168.app.MissionManagerImplTest)  Time elapsed: 0 sec  <<< FAILURE!
java.lang.AssertionError: Expecting code to raise a throwable.
	at cz.muni.fi.pv168.app.MissionManagerImplTest.updateMissionWithZeroRequiredRank(MissionManagerImplTest.java:192)

updateNullMission(cz.muni.fi.pv168.app.MissionManagerImplTest)  Time elapsed: 0 sec  <<< FAILURE!
java.lang.AssertionError: Expected exception: java.lang.IllegalArgumentException
	at org.junit.internal.runners.statements.ExpectException.evaluate(ExpectException.java:32)
	at org.junit.runners.ParentRunner.runLeaf(ParentRunner.java:325)
	at org.junit.runners.BlockJUnit4ClassRunner.runChild(BlockJUnit4ClassRunner.java:78)
	at org.junit.runners.BlockJUnit4ClassRunner.runChild(BlockJUnit4ClassRunner.java:57)
	at org.junit.runners.ParentRunner$3.run(ParentRunner.java:290)
	at org.junit.runners.ParentRunner$1.schedule(ParentRunner.java:71)
	at org.junit.runners.ParentRunner.runChildren(ParentRunner.java:288)
	at org.junit.runners.ParentRunner.access$000(ParentRunner.java:58)
	at org.junit.runners.ParentRunner$2.evaluate(ParentRunner.java:268)
	at org.junit.runners.ParentRunner.run(ParentRunner.java:363)
	at org.apache.maven.surefire.junit4.JUnit4Provider.execute(JUnit4Provider.java:264)
	at org.apache.maven.surefire.junit4.JUnit4Provider.executeTestSet(JUnit4Provider.java:153)
	at org.apache.maven.surefire.junit4.JUnit4Provider.invoke(JUnit4Provider.java:124)
	at org.apache.maven.surefire.booter.ForkedBooter.invokeProviderInSameClassLoader(ForkedBooter.java:200)
	at org.apache.maven.surefire.booter.ForkedBooter.runSuitesInProcess(ForkedBooter.java:153)
	at org.apache.maven.surefire.booter.ForkedBooter.main(ForkedBooter.java:103)

createMissionWithExistingId(cz.muni.fi.pv168.app.MissionManagerImplTest)  Time elapsed: 0 sec  <<< FAILURE!
java.lang.AssertionError: Expecting code to raise a throwable.
	at cz.muni.fi.pv168.app.MissionManagerImplTest.createMissionWithExistingId(MissionManagerImplTest.java:58)

updateMissionStatus(cz.muni.fi.pv168.app.MissionManagerImplTest)  Time elapsed: 0 sec  <<< ERROR!
java.lang.NullPointerException: null
	at cz.muni.fi.pv168.app.MissionManagerImplTest.updateMission(MissionManagerImplTest.java:109)
	at cz.muni.fi.pv168.app.MissionManagerImplTest.updateMissionStatus(MissionManagerImplTest.java:120)

updateMissionWithTooBigRequiredRank(cz.muni.fi.pv168.app.MissionManagerImplTest)  Time elapsed: 0.001 sec  <<< FAILURE!
java.lang.AssertionError: Expecting code to raise a throwable.
	at cz.muni.fi.pv168.app.MissionManagerImplTest.updateMissionWithTooBigRequiredRank(MissionManagerImplTest.java:184)

