<?xml version="1.0" encoding="UTF-8"?>
<testsuite name="cz.muni.fi.pv168.app.MissionManagerImplTest" time="0.029" tests="29" errors="5" skipped="0" failures="24">
  <properties>
[...]
</properties>
  <testcase name="deleteMissionWithNonExistingId" classname="cz.muni.fi.pv168.app.MissionManagerImplTest" time="0.002">
    <failure message="Expecting code to raise a throwable." type="java.lang.AssertionError">java.lang.AssertionError: Expecting code to raise a throwable.
	at cz.muni.fi.pv168.app.MissionManagerImplTest.deleteMissionWithNonExistingId(MissionManagerImplTest.java:232)
</failure>
  </testcase>
  <testcase name="createMissionWithZeroRequiredRank" classname="cz.muni.fi.pv168.app.MissionManagerImplTest" time="0">
    <failure message="Expecting code to raise a throwable." type="java.lang.AssertionError">java.lang.AssertionError: Expecting code to raise a throwable.
	at cz.muni.fi.pv168.app.MissionManagerImplTest.createMissionWithZeroRequiredRank(MissionManagerImplTest.java:90)
</failure>
  </testcase>
  <testcase name="deleteNullMission" classname="cz.muni.fi.pv168.app.MissionManagerImplTest" time="0.001">
    <failure message="Expected exception: java.lang.IllegalArgumentException" type="java.lang.AssertionError">java.lang.AssertionError: Expected exception: java.lang.IllegalArgumentException
	at org.junit.internal.runners.statements.ExpectException.evaluate(ExpectException.java:32)
	at org.junit.runners.ParentRunner.runLeaf(ParentRunner.java:325)
	at org.junit.runners.BlockJUnit4ClassRunner.runChild(BlockJUnit4ClassRunner.java:78)
	at org.junit.runners.BlockJUnit4ClassRunner.runChild(BlockJUnit4ClassRunner.java:57)
	at org.junit.runners.ParentRunner$3.run(ParentRunner.java:290)
	at org.junit.runners.ParentRunner$1.schedule(ParentRunner.java:71)
	at org.junit.runners.ParentRunner.runChildren(ParentRunner.java:288)
	at org.junit.runners.ParentRunner.access$000(ParentRunner.java:58)
	at org.junit.runners.ParentRunner$2.evaluate(ParentRunner.java:268)
	at org.junit.runners.ParentRunner.run(ParentRunner.java:363)
	at org.apache.maven.surefire.junit4.JUnit4Provider.execute(JUnit4Provider.java:264)
	at org.apache.maven.surefire.junit4.JUnit4Provider.executeTestSet(JUnit4Provider.java:153)
	at org.apache.maven.surefire.junit4.JUnit4Provider.invoke(JUnit4Provider.java:124)
	at org.apache.maven.surefire.booter.ForkedBooter.invokeProviderInSameClassLoader(ForkedBooter.java:200)
	at org.apache.maven.surefire.booter.ForkedBooter.runSuitesInProcess(ForkedBooter.java:153)
	at org.apache.maven.surefire.booter.ForkedBooter.main(ForkedBooter.java:103)
</failure>
  </testcase>
  <testcase name="updateMissionRequiredRank" classname="cz.muni.fi.pv168.app.MissionManagerImplTest" time="0.001">
    <error type="java.lang.NullPointerException:">java.lang.NullPointerException: null
	at cz.muni.fi.pv168.app.MissionManagerImplTest.updateMission(MissionManagerImplTest.java:109)
	at cz.muni.fi.pv168.app.MissionManagerImplTest.updateMissionRequiredRank(MissionManagerImplTest.java:125)
</error>
  </testcase>
  <testcase name="createMissionWithNegativeRequiredRank" classname="cz.muni.fi.pv168.app.MissionManagerImplTest" time="0.001">
    <failure message="Expecting code to raise a throwable." type="java.lang.AssertionError">java.lang.AssertionError: Expecting code to raise a throwable.
	at cz.muni.fi.pv168.app.MissionManagerImplTest.createMissionWithNegativeRequiredRank(MissionManagerImplTest.java:96)
</failure>
  </testcase>
  <testcase name="createMission" classname="cz.muni.fi.pv168.app.MissionManagerImplTest" time="0">
    <error type="java.lang.NullPointerException:">java.lang.NullPointerException: null
	at cz.muni.fi.pv168.app.MissionManagerImplTest.createMission(MissionManagerImplTest.java:45)
</error>
  </testcase>
  <testcase name="updateMissionWithNegativeRequiredRank" classname="cz.muni.fi.pv168.app.MissionManagerImplTest" time="0">
    <failure message="Expecting code to raise a throwable." type="java.lang.AssertionError">java.lang.AssertionError: Expecting code to raise a throwable.
	at cz.muni.fi.pv168.app.MissionManagerImplTest.updateMissionWithNegativeRequiredRank(MissionManagerImplTest.java:200)
</failure>
  </testcase>
  <testcase name="createNullMission" classname="cz.muni.fi.pv168.app.MissionManagerImplTest" time="0">
    <failure message="Expected exception: java.lang.IllegalArgumentException" type="java.lang.AssertionError">java.lang.AssertionError: Expected exception: java.lang.IllegalArgumentException
	at org.junit.internal.runners.statements.ExpectException.evaluate(ExpectException.java:32)
	at org.junit.runners.ParentRunner.runLeaf(ParentRunner.java:325)
	at org.junit.runners.BlockJUnit4ClassRunner.runChild(BlockJUnit4ClassRunner.java:78)
	at org.junit.runners.BlockJUnit4ClassRunner.runChild(BlockJUnit4ClassRunner.java:57)
	at org.junit.runners.ParentRunner$3.run(ParentRunner.java:290)
	at org.junit.runners.ParentRunner$1.schedule(ParentRunner.java:71)
	at org.junit.runners.ParentRunner.runChildren(ParentRunner.java:288)
	at org.junit.runners.ParentRunner.access$000(ParentRunner.java:58)
	at org.junit.runners.ParentRunner$2.evaluate(ParentRunner.java:268)
	at org.junit.runners.ParentRunner.run(ParentRunner.java:363)
	at org.apache.maven.surefire.junit4.JUnit4Provider.execute(JUnit4Provider.java:264)
	at org.apache.maven.surefire.junit4.JUnit4Provider.executeTestSet(JUnit4Provider.java:153)
	at org.apache.maven.surefire.junit4.JUnit4Provider.invoke(JUnit4Provider.java:124)
	at org.apache.maven.surefire.booter.ForkedBooter.invokeProviderInSameClassLoader(ForkedBooter.java:200)
	at org.apache.maven.surefire.booter.ForkedBooter.runSuitesInProcess(ForkedBooter.java:153)
	at org.apache.maven.surefire.booter.ForkedBooter.main(ForkedBooter.java:103)
</failure>
  </testcase>
  <testcase name="updateMissionWithNullId" classname="cz.muni.fi.pv168.app.MissionManagerImplTest" time="0.002">
    <failure message="Expecting code to raise a throwable." type="java.lang.AssertionError">java.lang.AssertionError: Expecting code to raise a throwable.
	at cz.muni.fi.pv168.app.MissionManagerImplTest.updateMissionWithNullId(MissionManagerImplTest.java:136)
</failure>
  </testcase>
  <testcase name="updateMissionWithNonExistingId" classname="cz.muni.fi.pv168.app.MissionManagerImplTest" time="0.001">
    <failure message="Expecting code to raise a throwable." type="java.lang.AssertionError">java.lang.AssertionError: Expecting code to raise a throwable.
	at cz.muni.fi.pv168.app.MissionManagerImplTest.updateMissionWithNonExistingId(MissionManagerImplTest.java:142)
</failure>
  </testcase>
  <testcase name="updateMissionWithExistingName" classname="cz.muni.fi.pv168.app.MissionManagerImplTest" time="0.001">
    <failure message="Expecting code to raise a throwable." type="java.lang.AssertionError">java.lang.AssertionError: Expecting code to raise a throwable.
	at cz.muni.fi.pv168.app.MissionManagerImplTest.updateMissionWithExistingName(MissionManagerImplTest.java:168)
</failure>
  </testcase>
  <testcase name="updateMissionName" classname="cz.muni.fi.pv168.app.MissionManagerImplTest" time="0.001">
    <error type="java.lang.NullPointerException:">java.lang.NullPointerException: null
	at cz.muni.fi.pv168.app.MissionManagerImplTest.updateMission(MissionManagerImplTest.java:109)
	at cz.muni.fi.pv168.app.MissionManagerImplTest.updateMissionName(MissionManagerImplTest.java:115)
</error>
  </testcase>
  <testcase name="findAllMissions" classname="cz.muni.fi.pv168.app.MissionManagerImplTest" time="0.001">
    <failure message="&#10;Expecting actual not to be null" type="java.lang.AssertionError">java.lang.AssertionError: 
Expecting actual not to be null
	at cz.muni.fi.pv168.app.MissionManagerImplTest.findAllMissions(MissionManagerImplTest.java:258)
</failure>
  </testcase>
  <testcase name="findAvailableMissions" classname="cz.muni.fi.pv168.app.MissionManagerImplTest" time="0">
    <failure message="&#10;Expecting actual not to be null" type="java.lang.AssertionError">java.lang.AssertionError: 
Expecting actual not to be null
	at cz.muni.fi.pv168.app.MissionManagerImplTest.findAvailableMissions(MissionManagerImplTest.java:244)
</failure>
  </testcase>
  <testcase name="updateMissionWithPreviousStatus" classname="cz.muni.fi.pv168.app.MissionManagerImplTest" time="0.001">
    <failure message="Expecting code to raise a throwable." type="java.lang.AssertionError">java.lang.AssertionError: Expecting code to raise a throwable.
	at cz.muni.fi.pv168.app.MissionManagerImplTest.updateMissionWithPreviousStatus(MissionManagerImplTest.java:176)
</failure>
  </testcase>
  <testcase name="createMissionWithNullName" classname="cz.muni.fi.pv168.app.MissionManagerImplTest" time="0.001">
    <failure message="Expecting code to raise a throwable." type="java.lang.AssertionError">java.lang.AssertionError: Expecting code to raise a throwable.
	at cz.muni.fi.pv168.app.MissionManagerImplTest.createMissionWithNullName(MissionManagerImplTest.java:64)
</failure>
  </testcase>
  <testcase name="deleteMissionWithNullId" classname="cz.muni.fi.pv168.app.MissionManagerImplTest" time="0.001">
    <failure message="Expecting code to raise a throwable." type="java.lang.AssertionError">java.lang.AssertionError: Expecting code to raise a throwable.
	at cz.muni.fi.pv168.app.MissionManagerImplTest.deleteMissionWithNullId(MissionManagerImplTest.java:226)
</failure>
  </testcase>
  <testcase name="createMissionWithEmptyName" classname="cz.muni.fi.pv168.app.MissionManagerImplTest" time="0.001">
    <failure message="Expecting code to raise a throwable." type="java.lang.AssertionError">java.lang.AssertionError: Expecting code to raise a throwable.
	at cz.muni.fi.pv168.app.MissionManagerImplTest.createMissionWithEmptyName(MissionManagerImplTest.java:70)
</failure>
  </testcase>
  <testcase name="deleteNonexistentMission" classname="cz.muni.fi.pv168.app.MissionManagerImplTest" time="0.001">
    <failure message="Expecting code to raise a throwable." type="java.lang.AssertionError">java.lang.AssertionError: Expecting code to raise a throwable.
	at cz.muni.fi.pv168.app.MissionManagerImplTest.deleteNonexistentMission(MissionManagerImplTest.java:238)
</failure>
  </testcase>
  <testcase name="deleteMission" classname="cz.muni.fi.pv168.app.MissionManagerImplTest" time="0">
    <error type="java.lang.NullPointerException:">java.lang.NullPointerException: null
	at cz.muni.fi.pv168.app.MissionManagerImplTest.deleteMission(MissionManagerImplTest.java:211)
</error>
  </testcase>
  <testcase name="updateMissionWithNullName" classname="cz.muni.fi.pv168.app.MissionManagerImplTest" time="0.001">
    <failure message="Expecting code to raise a throwable." type="java.lang.AssertionError">java.lang.AssertionError: Expecting code to raise a throwable.
	at cz.muni.fi.pv168.app.MissionManagerImplTest.updateMissionWithNullName(MissionManagerImplTest.java:150)
</failure>
  </testcase>
  <testcase name="createMissionWithTooBigRequiredRank" classname="cz.muni.fi.pv168.app.MissionManagerImplTest" time="0">
    <failure message="Expecting code to raise a throwable." type="java.lang.AssertionError">java.lang.AssertionError: Expecting code to raise a throwable.
	at cz.muni.fi.pv168.app.MissionManagerImplTest.createMissionWithTooBigRequiredRank(MissionManagerImplTest.java:84)
</failure>
  </testcase>
  <testcase name="createMissionWithExistingName" classname="cz.muni.fi.pv168.app.MissionManagerImplTest" time="0.001">
    <failure message="Expecting code to raise a throwable." type="java.lang.AssertionError">java.lang.AssertionError: Expecting code to raise a throwable.
	at cz.muni.fi.pv168.app.MissionManagerImplTest.createMissionWithExistingName(MissionManagerImplTest.java:78)
</failure>
  </testcase>
  <testcase name="updateMissionWithEmptyName" classname="cz.muni.fi.pv168.app.MissionManagerImplTest" time="0.01">
    <failure message="Expecting code to raise a throwable." type="java.lang.AssertionError">java.lang.AssertionError: Expecting code to raise a throwable.
	at cz.muni.fi.pv168.app.MissionManagerImplTest.updateMissionWithEmptyName(MissionManagerImplTest.java:158)
</failure>
  </testcase>
  <testcase name="updateMissionWithZeroRequiredRank" classname="cz.muni.fi.pv168.app.MissionManagerImplTest" time="0">
    <failure message="Expecting code to raise a throwable." type="java.lang.AssertionError">java.lang.AssertionError: Expecting code to raise a throwable.
	at cz.muni.fi.pv168.app.MissionManagerImplTest.updateMissionWithZeroRequiredRank(MissionManagerImplTest.java:192)
</failure>
  </testcase>
  <testcase name="updateNullMission" classname="cz.muni.fi.pv168.app.MissionManagerImplTest" time="0">
    <failure message="Expected exception: java.lang.IllegalArgumentException" type="java.lang.AssertionError">java.lang.AssertionError: Expected exception: java.lang.IllegalArgumentException
	at org.junit.internal.runners.statements.ExpectException.evaluate(ExpectException.java:32)
	at org.junit.runners.ParentRunner.runLeaf(ParentRunner.java:325)
	at org.junit.runners.BlockJUnit4ClassRunner.runChild(BlockJUnit4ClassRunner.java:78)
	at org.junit.runners.BlockJUnit4ClassRunner.runChild(BlockJUnit4ClassRunner.java:57)
	at org.junit.runners.ParentRunner$3.run(ParentRunner.java:290)
	at org.junit.runners.ParentRunner$1.schedule(ParentRunner.java:71)
	at org.junit.runners.ParentRunner.runChildren(ParentRunner.java:288)
	at org.junit.runners.ParentRunner.access$000(ParentRunner.java:58)
	at org.junit.runners.ParentRunner$2.evaluate(ParentRunner.java:268)
	at org.junit.runners.ParentRunner.run(ParentRunner.java:363)
	at org.apache.maven.surefire.junit4.JUnit4Provider.execute(JUnit4Provider.java:264)
	at org.apache.maven.surefire.junit4.JUnit4Provider.executeTestSet(JUnit4Provider.java:153)
	at org.apache.maven.surefire.junit4.JUnit4Provider.invoke(JUnit4Provider.java:124)
	at org.apache.maven.surefire.booter.ForkedBooter.invokeProviderInSameClassLoader(ForkedBooter.java:200)
	at org.apache.maven.surefire.booter.ForkedBooter.runSuitesInProcess(ForkedBooter.java:153)
	at org.apache.maven.surefire.booter.ForkedBooter.main(ForkedBooter.java:103)
</failure>
  </testcase>
  <testcase name="createMissionWithExistingId" classname="cz.muni.fi.pv168.app.MissionManagerImplTest" time="0">
    <failure message="Expecting code to raise a throwable." type="java.lang.AssertionError">java.lang.AssertionError: Expecting code to raise a throwable.
	at cz.muni.fi.pv168.app.MissionManagerImplTest.createMissionWithExistingId(MissionManagerImplTest.java:58)
</failure>
  </testcase>
  <testcase name="updateMissionStatus" classname="cz.muni.fi.pv168.app.MissionManagerImplTest" time="0">
    <error type="java.lang.NullPointerException:">java.lang.NullPointerException: null
	at cz.muni.fi.pv168.app.MissionManagerImplTest.updateMission(MissionManagerImplTest.java:109)
	at cz.muni.fi.pv168.app.MissionManagerImplTest.updateMissionStatus(MissionManagerImplTest.java:120)
</error>
  </testcase>
  <testcase name="updateMissionWithTooBigRequiredRank" classname="cz.muni.fi.pv168.app.MissionManagerImplTest" time="0.001">
    <failure message="Expecting code to raise a throwable." type="java.lang.AssertionError">java.lang.AssertionError: Expecting code to raise a throwable.
	at cz.muni.fi.pv168.app.MissionManagerImplTest.updateMissionWithTooBigRequiredRank(MissionManagerImplTest.java:184)
</failure>
  </testcase>
</testsuite>