<?xml version="1.0" encoding="UTF-8"?>
<testsuite name="cz.muni.fi.pv168.app.MissionManagerImplTest" time="0.029" tests="29" errors="5" skipped="0" failures="24">
  <properties>
    <property name="java.runtime.name" value="Java(TM) SE Runtime Environment"/>
    <property name="sun.boot.library.path" value="/usr/lib/jvm/java-8-oracle/jre/lib/amd64"/>
    <property name="java.vm.version" value="25.121-b13"/>
    <property name="java.vm.vendor" value="Oracle Corporation"/>
    <property name="maven.multiModuleProjectDirectory" value="/home/daniel/school/PV168/pv168-agency_manager/security_agency"/>
    <property name="java.vendor.url" value="http://java.oracle.com/"/>
    <property name="path.separator" value=":"/>
    <property name="guice.disable.misplaced.annotation.check" value="true"/>
    <property name="java.vm.name" value="Java HotSpot(TM) 64-Bit Server VM"/>
    <property name="file.encoding.pkg" value="sun.io"/>
    <property name="user.country" value="US"/>
    <property name="sun.java.launcher" value="SUN_STANDARD"/>
    <property name="sun.os.patch.level" value="unknown"/>
    <property name="java.vm.specification.name" value="Java Virtual Machine Specification"/>
    <property name="user.dir" value="/home/daniel/school/PV168/pv168-agency_manager/security_agency"/>
    <property name="java.runtime.version" value="1.8.0_121-b13"/>
    <property name="java.awt.graphicsenv" value="sun.awt.X11GraphicsEnvironment"/>
    <property name="java.endorsed.dirs" value="/usr/lib/jvm/java-8-oracle/jre/lib/endorsed"/>
    <property name="os.arch" value="amd64"/>
    <property name="java.io.tmpdir" value="/tmp"/>
    <property name="line.separator" value="&#10;"/>
    <property name="java.vm.specification.vendor" value="Oracle Corporation"/>
    <property name="os.name" value="Linux"/>
    <property name="classworlds.conf" value="/usr/share/maven/bin/m2.conf"/>
    <property name="sun.jnu.encoding" value="UTF-8"/>
    <property name="java.library.path" value="/home/daniel/others/idea-IC-163.13906.18/bin::/usr/java/packages/lib/amd64:/usr/lib64:/lib64:/lib:/usr/lib"/>
    <property name="java.specification.name" value="Java Platform API Specification"/>
    <property name="java.class.version" value="52.0"/>
    <property name="sun.management.compiler" value="HotSpot 64-Bit Tiered Compilers"/>
    <property name="os.version" value="4.4.0-66-generic"/>
    <property name="user.home" value="/home/daniel"/>
    <property name="user.timezone" value="Europe/Bratislava"/>
    <property name="java.awt.printerjob" value="sun.print.PSPrinterJob"/>
    <property name="file.encoding" value="UTF-8"/>
    <property name="java.specification.version" value="1.8"/>
    <property name="user.name" value="daniel"/>
    <property name="java.class.path" value="/usr/share/maven/boot/plexus-classworlds-2.x.jar"/>
    <property name="java.vm.specification.version" value="1.8"/>
    <property name="sun.arch.data.model" value="64"/>
    <property name="java.home" value="/usr/lib/jvm/java-8-oracle/jre"/>
    <property name="sun.java.command" value="org.codehaus.plexus.classworlds.launcher.Launcher clean install"/>
    <property name="java.specification.vendor" value="Oracle Corporation"/>
    <property name="user.language" value="en"/>
    <property name="awt.toolkit" value="sun.awt.X11.XToolkit"/>
    <property name="java.vm.info" value="mixed mode"/>
    <property name="java.version" value="1.8.0_121"/>
    <property name="java.ext.dirs" value="/usr/lib/jvm/java-8-oracle/jre/lib/ext:/usr/java/packages/lib/ext"/>
    <property name="securerandom.source" value="file:/dev/./urandom"/>
    <property name="sun.boot.class.path" value="/usr/lib/jvm/java-8-oracle/jre/lib/resources.jar:/usr/lib/jvm/java-8-oracle/jre/lib/rt.jar:/usr/lib/jvm/java-8-oracle/jre/lib/sunrsasign.jar:/usr/lib/jvm/java-8-oracle/jre/lib/jsse.jar:/usr/lib/jvm/java-8-oracle/jre/lib/jce.jar:/usr/lib/jvm/java-8-oracle/jre/lib/charsets.jar:/usr/lib/jvm/java-8-oracle/jre/lib/jfr.jar:/usr/lib/jvm/java-8-oracle/jre/classes"/>
    <property name="java.vendor" value="Oracle Corporation"/>
    <property name="maven.home" value="/usr/share/maven"/>
    <property name="file.separator" value="/"/>
    <property name="java.vendor.url.bug" value="http://bugreport.sun.com/bugreport/"/>
    <property name="sun.cpu.endian" value="little"/>
    <property name="sun.io.unicode.encoding" value="UnicodeLittle"/>
    <property name="sun.desktop" value="gnome"/>
    <property name="sun.cpu.isalist" value=""/>
  </properties>
  <testcase name="deleteMissionWithNonExistingId" classname="cz.muni.fi.pv168.app.MissionManagerImplTest" time="0.002">
    <failure message="Expecting code to raise a throwable." type="java.lang.AssertionError">java.lang.AssertionError: Expecting code to raise a throwable.
	at cz.muni.fi.pv168.app.MissionManagerImplTest.deleteMissionWithNonExistingId(MissionManagerImplTest.java:232)
</failure>
  </testcase>
  <testcase name="createMissionWithZeroRequiredRank" classname="cz.muni.fi.pv168.app.MissionManagerImplTest" time="0">
    <failure message="Expecting code to raise a throwable." type="java.lang.AssertionError">java.lang.AssertionError: Expecting code to raise a throwable.
	at cz.muni.fi.pv168.app.MissionManagerImplTest.createMissionWithZeroRequiredRank(MissionManagerImplTest.java:90)
</failure>
  </testcase>
  <testcase name="deleteNullMission" classname="cz.muni.fi.pv168.app.MissionManagerImplTest" time="0.001">
    <failure message="Expected exception: java.lang.IllegalArgumentException" type="java.lang.AssertionError">java.lang.AssertionError: Expected exception: java.lang.IllegalArgumentException
	at org.junit.internal.runners.statements.ExpectException.evaluate(ExpectException.java:32)
	at org.junit.runners.ParentRunner.runLeaf(ParentRunner.java:325)
	at org.junit.runners.BlockJUnit4ClassRunner.runChild(BlockJUnit4ClassRunner.java:78)
	at org.junit.runners.BlockJUnit4ClassRunner.runChild(BlockJUnit4ClassRunner.java:57)
	at org.junit.runners.ParentRunner$3.run(ParentRunner.java:290)
	at org.junit.runners.ParentRunner$1.schedule(ParentRunner.java:71)
	at org.junit.runners.ParentRunner.runChildren(ParentRunner.java:288)
	at org.junit.runners.ParentRunner.access$000(ParentRunner.java:58)
	at org.junit.runners.ParentRunner$2.evaluate(ParentRunner.java:268)
	at org.junit.runners.ParentRunner.run(ParentRunner.java:363)
	at org.apache.maven.surefire.junit4.JUnit4Provider.execute(JUnit4Provider.java:264)
	at org.apache.maven.surefire.junit4.JUnit4Provider.executeTestSet(JUnit4Provider.java:153)
	at org.apache.maven.surefire.junit4.JUnit4Provider.invoke(JUnit4Provider.java:124)
	at org.apache.maven.surefire.booter.ForkedBooter.invokeProviderInSameClassLoader(ForkedBooter.java:200)
	at org.apache.maven.surefire.booter.ForkedBooter.runSuitesInProcess(ForkedBooter.java:153)
	at org.apache.maven.surefire.booter.ForkedBooter.main(ForkedBooter.java:103)
</failure>
  </testcase>
  <testcase name="updateMissionRequiredRank" classname="cz.muni.fi.pv168.app.MissionManagerImplTest" time="0.001">
    <error type="java.lang.NullPointerException:">java.lang.NullPointerException: null
	at cz.muni.fi.pv168.app.MissionManagerImplTest.updateMission(MissionManagerImplTest.java:109)
	at cz.muni.fi.pv168.app.MissionManagerImplTest.updateMissionRequiredRank(MissionManagerImplTest.java:125)
</error>
  </testcase>
  <testcase name="createMissionWithNegativeRequiredRank" classname="cz.muni.fi.pv168.app.MissionManagerImplTest" time="0.001">
    <failure message="Expecting code to raise a throwable." type="java.lang.AssertionError">java.lang.AssertionError: Expecting code to raise a throwable.
	at cz.muni.fi.pv168.app.MissionManagerImplTest.createMissionWithNegativeRequiredRank(MissionManagerImplTest.java:96)
</failure>
  </testcase>
  <testcase name="createMission" classname="cz.muni.fi.pv168.app.MissionManagerImplTest" time="0">
    <error type="java.lang.NullPointerException:">java.lang.NullPointerException: null
	at cz.muni.fi.pv168.app.MissionManagerImplTest.createMission(MissionManagerImplTest.java:45)
</error>
  </testcase>
  <testcase name="updateMissionWithNegativeRequiredRank" classname="cz.muni.fi.pv168.app.MissionManagerImplTest" time="0">
    <failure message="Expecting code to raise a throwable." type="java.lang.AssertionError">java.lang.AssertionError: Expecting code to raise a throwable.
	at cz.muni.fi.pv168.app.MissionManagerImplTest.updateMissionWithNegativeRequiredRank(MissionManagerImplTest.java:200)
</failure>
  </testcase>
  <testcase name="createNullMission" classname="cz.muni.fi.pv168.app.MissionManagerImplTest" time="0">
    <failure message="Expected exception: java.lang.IllegalArgumentException" type="java.lang.AssertionError">java.lang.AssertionError: Expected exception: java.lang.IllegalArgumentException
	at org.junit.internal.runners.statements.ExpectException.evaluate(ExpectException.java:32)
	at org.junit.runners.ParentRunner.runLeaf(ParentRunner.java:325)
	at org.junit.runners.BlockJUnit4ClassRunner.runChild(BlockJUnit4ClassRunner.java:78)
	at org.junit.runners.BlockJUnit4ClassRunner.runChild(BlockJUnit4ClassRunner.java:57)
	at org.junit.runners.ParentRunner$3.run(ParentRunner.java:290)
	at org.junit.runners.ParentRunner$1.schedule(ParentRunner.java:71)
	at org.junit.runners.ParentRunner.runChildren(ParentRunner.java:288)
	at org.junit.runners.ParentRunner.access$000(ParentRunner.java:58)
	at org.junit.runners.ParentRunner$2.evaluate(ParentRunner.java:268)
	at org.junit.runners.ParentRunner.run(ParentRunner.java:363)
	at org.apache.maven.surefire.junit4.JUnit4Provider.execute(JUnit4Provider.java:264)
	at org.apache.maven.surefire.junit4.JUnit4Provider.executeTestSet(JUnit4Provider.java:153)
	at org.apache.maven.surefire.junit4.JUnit4Provider.invoke(JUnit4Provider.java:124)
	at org.apache.maven.surefire.booter.ForkedBooter.invokeProviderInSameClassLoader(ForkedBooter.java:200)
	at org.apache.maven.surefire.booter.ForkedBooter.runSuitesInProcess(ForkedBooter.java:153)
	at org.apache.maven.surefire.booter.ForkedBooter.main(ForkedBooter.java:103)
</failure>
  </testcase>
  <testcase name="updateMissionWithNullId" classname="cz.muni.fi.pv168.app.MissionManagerImplTest" time="0.002">
    <failure message="Expecting code to raise a throwable." type="java.lang.AssertionError">java.lang.AssertionError: Expecting code to raise a throwable.
	at cz.muni.fi.pv168.app.MissionManagerImplTest.updateMissionWithNullId(MissionManagerImplTest.java:136)
</failure>
  </testcase>
  <testcase name="updateMissionWithNonExistingId" classname="cz.muni.fi.pv168.app.MissionManagerImplTest" time="0.001">
    <failure message="Expecting code to raise a throwable." type="java.lang.AssertionError">java.lang.AssertionError: Expecting code to raise a throwable.
	at cz.muni.fi.pv168.app.MissionManagerImplTest.updateMissionWithNonExistingId(MissionManagerImplTest.java:142)
</failure>
  </testcase>
  <testcase name="updateMissionWithExistingName" classname="cz.muni.fi.pv168.app.MissionManagerImplTest" time="0.001">
    <failure message="Expecting code to raise a throwable." type="java.lang.AssertionError">java.lang.AssertionError: Expecting code to raise a throwable.
	at cz.muni.fi.pv168.app.MissionManagerImplTest.updateMissionWithExistingName(MissionManagerImplTest.java:168)
</failure>
  </testcase>
  <testcase name="updateMissionName" classname="cz.muni.fi.pv168.app.MissionManagerImplTest" time="0.001">
    <error type="java.lang.NullPointerException:">java.lang.NullPointerException: null
	at cz.muni.fi.pv168.app.MissionManagerImplTest.updateMission(MissionManagerImplTest.java:109)
	at cz.muni.fi.pv168.app.MissionManagerImplTest.updateMissionName(MissionManagerImplTest.java:115)
</error>
  </testcase>
  <testcase name="findAllMissions" classname="cz.muni.fi.pv168.app.MissionManagerImplTest" time="0.001">
    <failure message="&#10;Expecting actual not to be null" type="java.lang.AssertionError">java.lang.AssertionError: 
Expecting actual not to be null
	at cz.muni.fi.pv168.app.MissionManagerImplTest.findAllMissions(MissionManagerImplTest.java:258)
</failure>
  </testcase>
  <testcase name="findAvailableMissions" classname="cz.muni.fi.pv168.app.MissionManagerImplTest" time="0">
    <failure message="&#10;Expecting actual not to be null" type="java.lang.AssertionError">java.lang.AssertionError: 
Expecting actual not to be null
	at cz.muni.fi.pv168.app.MissionManagerImplTest.findAvailableMissions(MissionManagerImplTest.java:244)
</failure>
  </testcase>
  <testcase name="updateMissionWithPreviousStatus" classname="cz.muni.fi.pv168.app.MissionManagerImplTest" time="0.001">
    <failure message="Expecting code to raise a throwable." type="java.lang.AssertionError">java.lang.AssertionError: Expecting code to raise a throwable.
	at cz.muni.fi.pv168.app.MissionManagerImplTest.updateMissionWithPreviousStatus(MissionManagerImplTest.java:176)
</failure>
  </testcase>
  <testcase name="createMissionWithNullName" classname="cz.muni.fi.pv168.app.MissionManagerImplTest" time="0.001">
    <failure message="Expecting code to raise a throwable." type="java.lang.AssertionError">java.lang.AssertionError: Expecting code to raise a throwable.
	at cz.muni.fi.pv168.app.MissionManagerImplTest.createMissionWithNullName(MissionManagerImplTest.java:64)
</failure>
  </testcase>
  <testcase name="deleteMissionWithNullId" classname="cz.muni.fi.pv168.app.MissionManagerImplTest" time="0.001">
    <failure message="Expecting code to raise a throwable." type="java.lang.AssertionError">java.lang.AssertionError: Expecting code to raise a throwable.
	at cz.muni.fi.pv168.app.MissionManagerImplTest.deleteMissionWithNullId(MissionManagerImplTest.java:226)
</failure>
  </testcase>
  <testcase name="createMissionWithEmptyName" classname="cz.muni.fi.pv168.app.MissionManagerImplTest" time="0.001">
    <failure message="Expecting code to raise a throwable." type="java.lang.AssertionError">java.lang.AssertionError: Expecting code to raise a throwable.
	at cz.muni.fi.pv168.app.MissionManagerImplTest.createMissionWithEmptyName(MissionManagerImplTest.java:70)
</failure>
  </testcase>
  <testcase name="deleteNonexistentMission" classname="cz.muni.fi.pv168.app.MissionManagerImplTest" time="0.001">
    <failure message="Expecting code to raise a throwable." type="java.lang.AssertionError">java.lang.AssertionError: Expecting code to raise a throwable.
	at cz.muni.fi.pv168.app.MissionManagerImplTest.deleteNonexistentMission(MissionManagerImplTest.java:238)
</failure>
  </testcase>
  <testcase name="deleteMission" classname="cz.muni.fi.pv168.app.MissionManagerImplTest" time="0">
    <error type="java.lang.NullPointerException:">java.lang.NullPointerException: null
	at cz.muni.fi.pv168.app.MissionManagerImplTest.deleteMission(MissionManagerImplTest.java:211)
</error>
  </testcase>
  <testcase name="updateMissionWithNullName" classname="cz.muni.fi.pv168.app.MissionManagerImplTest" time="0.001">
    <failure message="Expecting code to raise a throwable." type="java.lang.AssertionError">java.lang.AssertionError: Expecting code to raise a throwable.
	at cz.muni.fi.pv168.app.MissionManagerImplTest.updateMissionWithNullName(MissionManagerImplTest.java:150)
</failure>
  </testcase>
  <testcase name="createMissionWithTooBigRequiredRank" classname="cz.muni.fi.pv168.app.MissionManagerImplTest" time="0">
    <failure message="Expecting code to raise a throwable." type="java.lang.AssertionError">java.lang.AssertionError: Expecting code to raise a throwable.
	at cz.muni.fi.pv168.app.MissionManagerImplTest.createMissionWithTooBigRequiredRank(MissionManagerImplTest.java:84)
</failure>
  </testcase>
  <testcase name="createMissionWithExistingName" classname="cz.muni.fi.pv168.app.MissionManagerImplTest" time="0.001">
    <failure message="Expecting code to raise a throwable." type="java.lang.AssertionError">java.lang.AssertionError: Expecting code to raise a throwable.
	at cz.muni.fi.pv168.app.MissionManagerImplTest.createMissionWithExistingName(MissionManagerImplTest.java:78)
</failure>
  </testcase>
  <testcase name="updateMissionWithEmptyName" classname="cz.muni.fi.pv168.app.MissionManagerImplTest" time="0.01">
    <failure message="Expecting code to raise a throwable." type="java.lang.AssertionError">java.lang.AssertionError: Expecting code to raise a throwable.
	at cz.muni.fi.pv168.app.MissionManagerImplTest.updateMissionWithEmptyName(MissionManagerImplTest.java:158)
</failure>
  </testcase>
  <testcase name="updateMissionWithZeroRequiredRank" classname="cz.muni.fi.pv168.app.MissionManagerImplTest" time="0">
    <failure message="Expecting code to raise a throwable." type="java.lang.AssertionError">java.lang.AssertionError: Expecting code to raise a throwable.
	at cz.muni.fi.pv168.app.MissionManagerImplTest.updateMissionWithZeroRequiredRank(MissionManagerImplTest.java:192)
</failure>
  </testcase>
  <testcase name="updateNullMission" classname="cz.muni.fi.pv168.app.MissionManagerImplTest" time="0">
    <failure message="Expected exception: java.lang.IllegalArgumentException" type="java.lang.AssertionError">java.lang.AssertionError: Expected exception: java.lang.IllegalArgumentException
	at org.junit.internal.runners.statements.ExpectException.evaluate(ExpectException.java:32)
	at org.junit.runners.ParentRunner.runLeaf(ParentRunner.java:325)
	at org.junit.runners.BlockJUnit4ClassRunner.runChild(BlockJUnit4ClassRunner.java:78)
	at org.junit.runners.BlockJUnit4ClassRunner.runChild(BlockJUnit4ClassRunner.java:57)
	at org.junit.runners.ParentRunner$3.run(ParentRunner.java:290)
	at org.junit.runners.ParentRunner$1.schedule(ParentRunner.java:71)
	at org.junit.runners.ParentRunner.runChildren(ParentRunner.java:288)
	at org.junit.runners.ParentRunner.access$000(ParentRunner.java:58)
	at org.junit.runners.ParentRunner$2.evaluate(ParentRunner.java:268)
	at org.junit.runners.ParentRunner.run(ParentRunner.java:363)
	at org.apache.maven.surefire.junit4.JUnit4Provider.execute(JUnit4Provider.java:264)
	at org.apache.maven.surefire.junit4.JUnit4Provider.executeTestSet(JUnit4Provider.java:153)
	at org.apache.maven.surefire.junit4.JUnit4Provider.invoke(JUnit4Provider.java:124)
	at org.apache.maven.surefire.booter.ForkedBooter.invokeProviderInSameClassLoader(ForkedBooter.java:200)
	at org.apache.maven.surefire.booter.ForkedBooter.runSuitesInProcess(ForkedBooter.java:153)
	at org.apache.maven.surefire.booter.ForkedBooter.main(ForkedBooter.java:103)
</failure>
  </testcase>
  <testcase name="createMissionWithExistingId" classname="cz.muni.fi.pv168.app.MissionManagerImplTest" time="0">
    <failure message="Expecting code to raise a throwable." type="java.lang.AssertionError">java.lang.AssertionError: Expecting code to raise a throwable.
	at cz.muni.fi.pv168.app.MissionManagerImplTest.createMissionWithExistingId(MissionManagerImplTest.java:58)
</failure>
  </testcase>
  <testcase name="updateMissionStatus" classname="cz.muni.fi.pv168.app.MissionManagerImplTest" time="0">
    <error type="java.lang.NullPointerException:">java.lang.NullPointerException: null
	at cz.muni.fi.pv168.app.MissionManagerImplTest.updateMission(MissionManagerImplTest.java:109)
	at cz.muni.fi.pv168.app.MissionManagerImplTest.updateMissionStatus(MissionManagerImplTest.java:120)
</error>
  </testcase>
  <testcase name="updateMissionWithTooBigRequiredRank" classname="cz.muni.fi.pv168.app.MissionManagerImplTest" time="0.001">
    <failure message="Expecting code to raise a throwable." type="java.lang.AssertionError">java.lang.AssertionError: Expecting code to raise a throwable.
	at cz.muni.fi.pv168.app.MissionManagerImplTest.updateMissionWithTooBigRequiredRank(MissionManagerImplTest.java:184)
</failure>
  </testcase>
</testsuite>