<?xml version="1.0" encoding="UTF-8" ?>
<testsuite tests="35" failures="0" name="cz.muni.fi.pv168.app.MissionManagerImplTest" time="0.481" errors="0" skipped="0">
  <properties>
[...]
</properties>
  <testcase classname="cz.muni.fi.pv168.app.MissionManagerImplTest" name="createMissionWithSetId" time="0.01"/>
  <testcase classname="cz.muni.fi.pv168.app.MissionManagerImplTest" name="deleteMissionWithNonExistingId" time="0.01"/>
  <testcase classname="cz.muni.fi.pv168.app.MissionManagerImplTest" name="createMissionWithZeroRequiredRank" time="0.018"/>
  <testcase classname="cz.muni.fi.pv168.app.MissionManagerImplTest" name="updateMissionWithSqlExceptionThrown" time="0.014"/>
  <testcase classname="cz.muni.fi.pv168.app.MissionManagerImplTest" name="findMissionWithSqlExceptionThrown" time="0.013"/>
  <testcase classname="cz.muni.fi.pv168.app.MissionManagerImplTest" name="deleteNullMission" time="0.008"/>
  <testcase classname="cz.muni.fi.pv168.app.MissionManagerImplTest" name="findAvailableMissionWithSqlExceptionThrown" time="0.014"/>
  <testcase classname="cz.muni.fi.pv168.app.MissionManagerImplTest" name="updateMissionRequiredRank" time="0.031"/>
  <testcase classname="cz.muni.fi.pv168.app.MissionManagerImplTest" name="createMissionWithNegativeRequiredRank" time="0.008"/>
  <testcase classname="cz.muni.fi.pv168.app.MissionManagerImplTest" name="createMission" time="0.023"/>
  <testcase classname="cz.muni.fi.pv168.app.MissionManagerImplTest" name="updateMissionWithNegativeRequiredRank" time="0.02"/>
  <testcase classname="cz.muni.fi.pv168.app.MissionManagerImplTest" name="createNullMission" time="0.013"/>
  <testcase classname="cz.muni.fi.pv168.app.MissionManagerImplTest" name="updateMissionWithNullId" time="0.012"/>
  <testcase classname="cz.muni.fi.pv168.app.MissionManagerImplTest" name="findAllMissionWithSqlExceptionThrown" time="0.009"/>
  <testcase classname="cz.muni.fi.pv168.app.MissionManagerImplTest" name="updateMissionWithNonExistingId" time="0.013"/>
  <testcase classname="cz.muni.fi.pv168.app.MissionManagerImplTest" name="updateMissionWithExistingName" time="0.011"/>
  <testcase classname="cz.muni.fi.pv168.app.MissionManagerImplTest" name="updateMissionName" time="0.018"/>
  <testcase classname="cz.muni.fi.pv168.app.MissionManagerImplTest" name="findAllMissions" time="0.014"/>
  <testcase classname="cz.muni.fi.pv168.app.MissionManagerImplTest" name="findAvailableMissions" time="0.019"/>
  <testcase classname="cz.muni.fi.pv168.app.MissionManagerImplTest" name="updateMissionWithPreviousStatus" time="0.019"/>
  <testcase classname="cz.muni.fi.pv168.app.MissionManagerImplTest" name="createMissionWithNullName" time="0.007"/>
  <testcase classname="cz.muni.fi.pv168.app.MissionManagerImplTest" name="deleteMissionWithNullId" time="0.007"/>
  <testcase classname="cz.muni.fi.pv168.app.MissionManagerImplTest" name="createMissionWithEmptyName" time="0.007"/>
  <testcase classname="cz.muni.fi.pv168.app.MissionManagerImplTest" name="deleteNonexistentMission" time="0.008"/>
  <testcase classname="cz.muni.fi.pv168.app.MissionManagerImplTest" name="deleteMission" time="0.016"/>
  <testcase classname="cz.muni.fi.pv168.app.MissionManagerImplTest" name="updateMissionWithNullName" time="0.011"/>
  <testcase classname="cz.muni.fi.pv168.app.MissionManagerImplTest" name="createMissionWithTooBigRequiredRank" time="0.006"/>
  <testcase classname="cz.muni.fi.pv168.app.MissionManagerImplTest" name="createMissionWithExistingName" time="0.012"/>
  <testcase classname="cz.muni.fi.pv168.app.MissionManagerImplTest" name="deleteMissionWithSqlExceptionThrown" time="0.019"/>
  <testcase classname="cz.muni.fi.pv168.app.MissionManagerImplTest" name="updateMissionWithEmptyName" time="0.015"/>
  <testcase classname="cz.muni.fi.pv168.app.MissionManagerImplTest" name="updateMissionWithZeroRequiredRank" time="0.011"/>
  <testcase classname="cz.muni.fi.pv168.app.MissionManagerImplTest" name="updateNullMission" time="0.011"/>
  <testcase classname="cz.muni.fi.pv168.app.MissionManagerImplTest" name="createMissionWithSqlExceptionThrown" time="0.012"/>
  <testcase classname="cz.muni.fi.pv168.app.MissionManagerImplTest" name="updateMissionStatus" time="0.028"/>
  <testcase classname="cz.muni.fi.pv168.app.MissionManagerImplTest" name="updateMissionWithTooBigRequiredRank" time="0.014"/>
</testsuite>